! Spherical Harmonic Discrete Ordinate Radiative Transfer Output
!  L= 15  M= 15  NLM=  256   NMU= 16  NPHI= 32  NANG=  354   NSH=   1239808
!  NX=  20   NY=  20   NZ=  11    NPTS=    4851   NCELLS=    4000
!  PROPERTY_FILE=gaussol.prp                     
!  CORRELATED_K-DIST_FILE=NONE                               NUM_G= 1
!  INPUT_SAVE_FILE=NONE                            
!  OUTPUT_SAVE_FILE=NONE                            
!  SOURCE_TYPE=SOLAR               DELTA-M METHOD
!  GRID_TYPE=EVEN (X,Y)    EVEN (Z)             INDEPENDENT_PIXEL=0
!  SURFACE_TYPE=FIXED LAMBERTIAN       HORIZ_BOUNDARY_COND=0
!  GROUND_ALBEDO=0.0000000  SKY_RAD= 0.00000E+00
!  SOLAR_FLUX= 0.100000E+01   SOLAR_MU=-0.7070000   SOLAR_AZ=   0.000
!  UNITS=WATTS/(M^2 MICRON STER)    WAVELENGTH=      2.13
!  SPLITTING_ACCURACY= 0.000E+00   SPHERICAL_HARMONIC_ACCURACY= 0.000E+00
!  SOLUTION_ACCURACY= 0.100E-04
!  MAXIMUM_ITERATIONS= 100   NUMBER_ITERATIONS=   7
!  OUTPUT_TYPE=RADIANCE            
!    RADIANCE AT Z=  1.000    NXO=  10    NYO=  10    NDIR=   3
!   X       Y        RADIANCE
!   1.00000   0.00  <- (mu,phi)
  -0.000  -0.000   0.11188E-04
   0.200  -0.000   0.47622E-04
   0.400  -0.000   0.14590E-03
   0.600  -0.000   0.32481E-03
   0.800  -0.000   0.52465E-03
   1.000  -0.000   0.61545E-03
   1.200  -0.000   0.52466E-03
   1.400  -0.000   0.32497E-03
   1.600  -0.000   0.14605E-03
   1.800  -0.000   0.47663E-04
  -0.000   0.200   0.47565E-04
   0.200   0.200   0.20052E-03
   0.400   0.200   0.61349E-03
   0.600   0.200   0.13568E-02
   0.800   0.200   0.21725E-02
   1.000   0.200   0.25283E-02
   1.200   0.200   0.21510E-02
   1.400   0.200   0.13388E-02
   1.600   0.200   0.60726E-03
   1.800   0.200   0.19954E-03
  -0.000   0.400   0.14516E-03
   0.200   0.400   0.61425E-03
   0.400   0.400   0.18692E-02
   0.600   0.400   0.40722E-02
   0.800   0.400   0.63744E-02
   1.000   0.400   0.72791E-02
   1.200   0.400   0.61666E-02
   1.400   0.400   0.38859E-02
   1.600   0.400   0.17989E-02
   1.800   0.400   0.60225E-03
  -0.000   0.600   0.32009E-03
   0.200   0.600   0.13614E-02
   0.400   0.600   0.41015E-02
   0.600   0.600   0.86910E-02
   0.800   0.600   0.13098E-01
   1.000   0.600   0.14534E-01
   1.200   0.600   0.12252E-01
   1.400   0.600   0.78669E-02
   1.600   0.600   0.37611E-02
   1.800   0.600   0.12992E-02
  -0.000   0.800   0.51097E-03
   0.200   0.800   0.21876E-02
   0.400   0.800   0.65132E-02
   0.600   0.800   0.13395E-01
   0.800   0.800   0.19470E-01
   1.000   0.800   0.21108E-01
   1.200   0.800   0.17751E-01
   1.400   0.800   0.11580E-01
   1.600   0.800   0.56952E-02
   1.800   0.800   0.20284E-02
  -0.000   1.000   0.59615E-03
   0.200   1.000   0.25596E-02
   0.400   1.000   0.75806E-02
   0.600   1.000   0.15389E-01
   0.800   1.000   0.22050E-01
   1.000   1.000   0.23713E-01
   1.200   1.000   0.19935E-01
   1.400   1.000   0.13080E-01
   1.600   1.000   0.65013E-02
   1.800   1.000   0.23438E-02
  -0.000   1.200   0.51097E-03
   0.200   1.200   0.21876E-02
   0.400   1.200   0.65132E-02
   0.600   1.200   0.13395E-01
   0.800   1.200   0.19470E-01
   1.000   1.200   0.21108E-01
   1.200   1.200   0.17751E-01
   1.400   1.200   0.11580E-01
   1.600   1.200   0.56952E-02
   1.800   1.200   0.20284E-02
  -0.000   1.400   0.32009E-03
   0.200   1.400   0.13614E-02
   0.400   1.400   0.41015E-02
   0.600   1.400   0.86910E-02
   0.800   1.400   0.13098E-01
   1.000   1.400   0.14534E-01
   1.200   1.400   0.12252E-01
   1.400   1.400   0.78669E-02
   1.600   1.400   0.37611E-02
   1.800   1.400   0.12992E-02
  -0.000   1.600   0.14516E-03
   0.200   1.600   0.61425E-03
   0.400   1.600   0.18692E-02
   0.600   1.600   0.40722E-02
   0.800   1.600   0.63744E-02
   1.000   1.600   0.72791E-02
   1.200   1.600   0.61666E-02
   1.400   1.600   0.38859E-02
   1.600   1.600   0.17989E-02
   1.800   1.600   0.60225E-03
  -0.000   1.800   0.47565E-04
   0.200   1.800   0.20052E-03
   0.400   1.800   0.61349E-03
   0.600   1.800   0.13568E-02
   0.800   1.800   0.21725E-02
   1.000   1.800   0.25283E-02
   1.200   1.800   0.21510E-02
   1.400   1.800   0.13388E-02
   1.600   1.800   0.60726E-03
   1.800   1.800   0.19954E-03
!   0.50000   0.00  <- (mu,phi)
  -0.000  -0.000   0.72285E-03
   0.200  -0.000   0.58906E-03
   0.400  -0.000   0.40401E-03
   0.600  -0.000   0.24284E-03
   0.800  -0.000   0.16038E-03
   1.000  -0.000   0.17852E-03
   1.200  -0.000   0.29191E-03
   1.400  -0.000   0.46710E-03
   1.600  -0.000   0.64254E-03
   1.800  -0.000   0.74391E-03
  -0.000   0.200   0.31156E-02
   0.200   0.200   0.25551E-02
   0.400   0.200   0.17583E-02
   0.600   0.200   0.10556E-02
   0.800   0.200   0.69220E-03
   1.000   0.200   0.76818E-03
   1.200   0.200   0.12538E-02
   1.400   0.200   0.20000E-02
   1.600   0.200   0.27465E-02
   1.800   0.200   0.31875E-02
  -0.000   0.400   0.10003E-01
   0.200   0.400   0.83203E-02
   0.400   0.400   0.57748E-02
   0.600   0.400   0.34567E-02
   0.800   0.400   0.22398E-02
   1.000   0.400   0.24696E-02
   1.200   0.400   0.40054E-02
   1.400   0.400   0.63368E-02
   1.600   0.400   0.86698E-02
   1.800   0.400   0.10110E-01
  -0.000   0.600   0.22614E-01
   0.200   0.600   0.19143E-01
   0.400   0.600   0.13477E-01
   0.600   0.600   0.80839E-02
   0.800   0.600   0.51988E-02
   1.000   0.600   0.57374E-02
   1.200   0.600   0.92354E-02
   1.400   0.600   0.14380E-01
   1.600   0.600   0.19459E-01
   1.800   0.600   0.22635E-01
  -0.000   0.800   0.35475E-01
   0.200   0.800   0.30470E-01
   0.400   0.800   0.21881E-01
   0.600   0.800   0.13213E-01
   0.800   0.800   0.85087E-02
   1.000   0.800   0.94506E-02
   1.200   0.800   0.15088E-01
   1.400   0.800   0.23107E-01
   1.600   0.800   0.30703E-01
   1.800   0.800   0.35430E-01
  -0.000   1.000   0.40764E-01
   0.200   1.000   0.35189E-01
   0.400   1.000   0.25474E-01
   0.600   1.000   0.15464E-01
   0.800   1.000   0.99864E-02
   1.000   1.000   0.11131E-01
   1.200   1.000   0.17697E-01
   1.400   1.000   0.26904E-01
   1.600   1.000   0.35443E-01
   1.800   1.000   0.40682E-01
  -0.000   1.200   0.35475E-01
   0.200   1.200   0.30470E-01
   0.400   1.200   0.21881E-01
   0.600   1.200   0.13213E-01
   0.800   1.200   0.85087E-02
   1.000   1.200   0.94506E-02
   1.200   1.200   0.15088E-01
   1.400   1.200   0.23107E-01
   1.600   1.200   0.30703E-01
   1.800   1.200   0.35430E-01
  -0.000   1.400   0.22614E-01
   0.200   1.400   0.19142E-01
   0.400   1.400   0.13477E-01
   0.600   1.400   0.80839E-02
   0.800   1.400   0.51988E-02
   1.000   1.400   0.57374E-02
   1.200   1.400   0.92354E-02
   1.400   1.400   0.14380E-01
   1.600   1.400   0.19459E-01
   1.800   1.400   0.22635E-01
  -0.000   1.600   0.10003E-01
   0.200   1.600   0.83203E-02
   0.400   1.600   0.57748E-02
   0.600   1.600   0.34567E-02
   0.800   1.600   0.22398E-02
   1.000   1.600   0.24696E-02
   1.200   1.600   0.40054E-02
   1.400   1.600   0.63368E-02
   1.600   1.600   0.86698E-02
   1.800   1.600   0.10110E-01
  -0.000   1.800   0.31156E-02
   0.200   1.800   0.25551E-02
   0.400   1.800   0.17583E-02
   0.600   1.800   0.10556E-02
   0.800   1.800   0.69220E-03
   1.000   1.800   0.76818E-03
   1.200   1.800   0.12538E-02
   1.400   1.800   0.20000E-02
   1.600   1.800   0.27465E-02
   1.800   1.800   0.31875E-02
!   0.70700 150.00  <- (mu,phi)
  -0.000  -0.000   0.17115E-02
   0.200  -0.000   0.28934E-02
   0.400  -0.000   0.37157E-02
   0.600  -0.000   0.36597E-02
   0.800  -0.000   0.27770E-02
   1.000  -0.000   0.16175E-02
   1.200  -0.000   0.71965E-03
   1.400  -0.000   0.27513E-03
   1.600  -0.000   0.28893E-03
   1.800  -0.000   0.76636E-03
  -0.000   0.200   0.51973E-03
   0.200   0.200   0.88249E-03
   0.400   0.200   0.11535E-02
   0.600   0.200   0.11703E-02
   0.800   0.200   0.92713E-03
   1.000   0.200   0.57510E-03
   1.200   0.200   0.27962E-03
   1.400   0.200   0.11726E-03
   1.600   0.200   0.10306E-03
   1.800   0.200   0.23666E-03
  -0.000   0.400   0.52116E-03
   0.200   0.400   0.10924E-02
   0.400   0.400   0.17520E-02
   0.600   0.400   0.21461E-02
   0.800   0.400   0.20068E-02
   1.000   0.400   0.14304E-02
   1.200   0.400   0.77571E-03
   1.400   0.400   0.32241E-03
   1.600   0.400   0.13379E-03
   1.800   0.400   0.19874E-03
  -0.000   0.600   0.17093E-02
   0.200   0.600   0.35111E-02
   0.400   0.600   0.54869E-02
   0.600   0.600   0.65503E-02
   0.800   0.600   0.59969E-02
   1.000   0.600   0.41971E-02
   1.200   0.600   0.22310E-02
   1.400   0.600   0.90589E-03
   1.600   0.600   0.38987E-03
   1.800   0.600   0.65203E-03
  -0.000   0.800   0.42657E-02
   0.200   0.800   0.84082E-02
   0.400   0.800   0.12546E-01
   0.600   0.800   0.14406E-01
   0.800   0.800   0.12923E-01
   1.000   0.800   0.89645E-02
   1.200   0.800   0.47226E-02
   1.400   0.800   0.18966E-02
   1.600   0.800   0.88479E-03
   1.800   0.800   0.16649E-02
  -0.000   1.000   0.78120E-02
   0.200   1.000   0.14594E-01
   0.400   1.000   0.20543E-01
   0.600   1.000   0.22663E-01
   0.800   1.000   0.19989E-01
   1.000   1.000   0.13861E-01
   1.200   1.000   0.73065E-02
   1.400   1.000   0.29293E-02
   1.600   1.000   0.15140E-02
   1.800   1.000   0.31535E-02
  -0.000   1.200   0.10493E-01
   0.200   1.200   0.18637E-01
   0.400   1.200   0.25012E-01
   0.600   1.200   0.26733E-01
   0.800   1.200   0.23144E-01
   1.000   1.200   0.15904E-01
   1.200   1.200   0.83354E-02
   1.400   1.200   0.33324E-02
   1.600   1.200   0.19436E-02
   1.800   1.200   0.43960E-02
  -0.000   1.400   0.10509E-01
   0.200   1.400   0.18069E-01
   0.400   1.400   0.23626E-01
   0.600   1.400   0.24629E-01
   0.800   1.400   0.20803E-01
   1.000   1.400   0.13916E-01
   1.200   1.400   0.70940E-02
   1.400   1.400   0.28003E-02
   1.600   1.400   0.18697E-02
   1.800   1.400   0.45078E-02
  -0.000   1.600   0.77804E-02
   0.200   1.600   0.13326E-01
   0.400   1.600   0.17293E-01
   0.600   1.600   0.17687E-01
   0.800   1.600   0.14426E-01
   1.000   1.600   0.92284E-02
   1.200   1.600   0.44952E-02
   1.400   1.600   0.17418E-02
   1.600   1.600   0.13455E-02
   1.800   1.600   0.34006E-02
  -0.000   1.800   0.42667E-02
   0.200   1.800   0.72669E-02
   0.400   1.800   0.94158E-02
   0.600   1.800   0.94670E-02
   0.800   1.800   0.74397E-02
   1.000   1.800   0.45244E-02
   1.200   1.800   0.20989E-02
   1.400   1.800   0.80246E-03
   1.600   1.800   0.72206E-03
   1.800   1.800   0.18836E-02
