! Spherical Harmonic Discrete Ordinate Radiative Transfer Output
!  L= 15  M= 15  NLM=  136   NMU= 16  NPHI= 32  NANG=  194   NSH=    598128
!  NX=  20   NY=  20   NZ=  11    NPTS=    4400   NCELLS=    4000
!  PROPERTY_FILE=gaussol.prp                     
!  CORRELATED_K-DIST_FILE=NONE                               NUM_G= 1
!  INPUT_SAVE_FILE=NONE                            
!  OUTPUT_SAVE_FILE=NONE                            
!  SOURCE_TYPE=SOLAR               DELTA-M METHOD
!  GRID_TYPE=EVEN (X,Y)    EVEN (Z)             INDEPENDENT_PIXEL=3
!  SURFACE_TYPE=FIXED LAMBERTIAN       HORIZ_BOUNDARY_COND=0
!  GROUND_ALBEDO=0.0000000  SKY_RAD= 0.00000E+00
!  SOLAR_FLUX= 0.100000E+01   SOLAR_MU=-0.7070000   SOLAR_AZ=   0.000
!  UNITS=WATTS/(M^2 MICRON STER)    WAVELENGTH=      1.65
!  SPLITTING_ACCURACY= 0.000E+00   SPHERICAL_HARMONIC_ACCURACY= 0.000E+00
!  SOLUTION_ACCURACY= 0.100E-04
!  MAXIMUM_ITERATIONS= 100   NUMBER_ITERATIONS=  10
!  OUTPUT_TYPE=RADIANCE            
!    RADIANCE AT Z=  1.000    NXO=  10    NYO=  10    NDIR=   3
!   X       Y        RADIANCE
!   1.00000   0.00  <- (mu,phi)
  -0.000  -0.000   0.11902E-04
   0.200  -0.000   0.51040E-04
   0.400  -0.000   0.15551E-03
   0.600  -0.000   0.34565E-03
   0.800  -0.000   0.55761E-03
   1.000  -0.000   0.65407E-03
   1.200  -0.000   0.55761E-03
   1.400  -0.000   0.34565E-03
   1.600  -0.000   0.15551E-03
   1.800  -0.000   0.51040E-04
  -0.000   0.200   0.51040E-04
   0.200   0.200   0.21381E-03
   0.400   0.200   0.65407E-03
   0.600   0.200   0.14475E-02
   0.800   0.200   0.23281E-02
   1.000   0.200   0.27265E-02
   1.200   0.200   0.23281E-02
   1.400   0.200   0.14475E-02
   1.600   0.200   0.65407E-03
   1.800   0.200   0.21381E-03
  -0.000   0.400   0.15551E-03
   0.200   0.400   0.65407E-03
   0.400   0.400   0.19877E-02
   0.600   0.400   0.43725E-02
   0.800   0.400   0.69994E-02
   1.000   0.400   0.81859E-02
   1.200   0.400   0.69994E-02
   1.400   0.400   0.43725E-02
   1.600   0.400   0.19877E-02
   1.800   0.400   0.65407E-03
  -0.000   0.600   0.34565E-03
   0.200   0.600   0.14475E-02
   0.400   0.600   0.43725E-02
   0.600   0.600   0.95757E-02
   0.800   0.600   0.15359E-01
   1.000   0.600   0.18001E-01
   1.200   0.600   0.15359E-01
   1.400   0.600   0.95758E-02
   1.600   0.600   0.43725E-02
   1.800   0.600   0.14475E-02
  -0.000   0.800   0.55761E-03
   0.200   0.800   0.23281E-02
   0.400   0.800   0.69994E-02
   0.600   0.800   0.15359E-01
   0.800   0.800   0.24809E-01
   1.000   0.800   0.29162E-01
   1.200   0.800   0.24809E-01
   1.400   0.800   0.15359E-01
   1.600   0.800   0.69994E-02
   1.800   0.800   0.23281E-02
  -0.000   1.000   0.65407E-03
   0.200   1.000   0.27265E-02
   0.400   1.000   0.81859E-02
   0.600   1.000   0.18001E-01
   0.800   1.000   0.29162E-01
   1.000   1.000   0.34290E-01
   1.200   1.000   0.29162E-01
   1.400   1.000   0.18001E-01
   1.600   1.000   0.81859E-02
   1.800   1.000   0.27265E-02
  -0.000   1.200   0.55761E-03
   0.200   1.200   0.23281E-02
   0.400   1.200   0.69994E-02
   0.600   1.200   0.15359E-01
   0.800   1.200   0.24809E-01
   1.000   1.200   0.29162E-01
   1.200   1.200   0.24809E-01
   1.400   1.200   0.15359E-01
   1.600   1.200   0.69994E-02
   1.800   1.200   0.23281E-02
  -0.000   1.400   0.34565E-03
   0.200   1.400   0.14475E-02
   0.400   1.400   0.43725E-02
   0.600   1.400   0.95758E-02
   0.800   1.400   0.15359E-01
   1.000   1.400   0.18001E-01
   1.200   1.400   0.15359E-01
   1.400   1.400   0.95757E-02
   1.600   1.400   0.43725E-02
   1.800   1.400   0.14475E-02
  -0.000   1.600   0.15551E-03
   0.200   1.600   0.65407E-03
   0.400   1.600   0.19877E-02
   0.600   1.600   0.43725E-02
   0.800   1.600   0.69994E-02
   1.000   1.600   0.81859E-02
   1.200   1.600   0.69994E-02
   1.400   1.600   0.43725E-02
   1.600   1.600   0.19877E-02
   1.800   1.600   0.65407E-03
  -0.000   1.800   0.51040E-04
   0.200   1.800   0.21381E-03
   0.400   1.800   0.65407E-03
   0.600   1.800   0.14475E-02
   0.800   1.800   0.23281E-02
   1.000   1.800   0.27265E-02
   1.200   1.800   0.23281E-02
   1.400   1.800   0.14475E-02
   1.600   1.800   0.65407E-03
   1.800   1.800   0.21381E-03
!   0.50000   0.00  <- (mu,phi)
  -0.000  -0.000   0.16854E-04
   0.200  -0.000   0.72710E-04
   0.400  -0.000   0.22506E-03
   0.600  -0.000   0.51435E-03
   0.800  -0.000   0.85491E-03
   1.000  -0.000   0.10161E-02
   1.200  -0.000   0.85491E-03
   1.400  -0.000   0.51435E-03
   1.600  -0.000   0.22506E-03
   1.800  -0.000   0.72710E-04
  -0.000   0.200   0.72710E-04
   0.200   0.200   0.31212E-03
   0.400   0.200   0.10161E-02
   0.600   0.200   0.24840E-02
   0.800   0.200   0.43902E-02
   1.000   0.200   0.53396E-02
   1.200   0.200   0.43902E-02
   1.400   0.200   0.24840E-02
   1.600   0.200   0.10161E-02
   1.800   0.200   0.31212E-03
  -0.000   0.400   0.22506E-03
   0.200   0.400   0.10161E-02
   0.400   0.400   0.36207E-02
   0.600   0.400   0.97560E-02
   0.800   0.400   0.18031E-01
   1.000   0.400   0.22089E-01
   1.200   0.400   0.18031E-01
   1.400   0.400   0.97560E-02
   1.600   0.400   0.36207E-02
   1.800   0.400   0.10161E-02
  -0.000   0.600   0.51435E-03
   0.200   0.600   0.24840E-02
   0.400   0.600   0.97560E-02
   0.600   0.600   0.26989E-01
   0.800   0.600   0.47725E-01
   1.000   0.600   0.56852E-01
   1.200   0.600   0.47725E-01
   1.400   0.600   0.26989E-01
   1.600   0.600   0.97560E-02
   1.800   0.600   0.24840E-02
  -0.000   0.800   0.85491E-03
   0.200   0.800   0.43902E-02
   0.400   0.800   0.18031E-01
   0.600   0.800   0.47725E-01
   0.800   0.800   0.78254E-01
   1.000   0.800   0.90196E-01
   1.200   0.800   0.78254E-01
   1.400   0.800   0.47725E-01
   1.600   0.800   0.18031E-01
   1.800   0.800   0.43902E-02
  -0.000   1.000   0.10161E-02
   0.200   1.000   0.53396E-02
   0.400   1.000   0.22089E-01
   0.600   1.000   0.56852E-01
   0.800   1.000   0.90196E-01
   1.000   1.000   0.10260E+00
   1.200   1.000   0.90196E-01
   1.400   1.000   0.56852E-01
   1.600   1.000   0.22089E-01
   1.800   1.000   0.53396E-02
  -0.000   1.200   0.85491E-03
   0.200   1.200   0.43902E-02
   0.400   1.200   0.18031E-01
   0.600   1.200   0.47725E-01
   0.800   1.200   0.78254E-01
   1.000   1.200   0.90196E-01
   1.200   1.200   0.78254E-01
   1.400   1.200   0.47725E-01
   1.600   1.200   0.18031E-01
   1.800   1.200   0.43902E-02
  -0.000   1.400   0.51435E-03
   0.200   1.400   0.24840E-02
   0.400   1.400   0.97560E-02
   0.600   1.400   0.26989E-01
   0.800   1.400   0.47725E-01
   1.000   1.400   0.56852E-01
   1.200   1.400   0.47725E-01
   1.400   1.400   0.26989E-01
   1.600   1.400   0.97560E-02
   1.800   1.400   0.24840E-02
  -0.000   1.600   0.22506E-03
   0.200   1.600   0.10161E-02
   0.400   1.600   0.36207E-02
   0.600   1.600   0.97560E-02
   0.800   1.600   0.18031E-01
   1.000   1.600   0.22089E-01
   1.200   1.600   0.18031E-01
   1.400   1.600   0.97560E-02
   1.600   1.600   0.36207E-02
   1.800   1.600   0.10161E-02
  -0.000   1.800   0.72710E-04
   0.200   1.800   0.31212E-03
   0.400   1.800   0.10161E-02
   0.600   1.800   0.24840E-02
   0.800   1.800   0.43902E-02
   1.000   1.800   0.53396E-02
   1.200   1.800   0.43902E-02
   1.400   1.800   0.24840E-02
   1.600   1.800   0.10161E-02
   1.800   1.800   0.31212E-03
!   0.70700 150.00  <- (mu,phi)
  -0.000  -0.000   0.16031E-04
   0.200  -0.000   0.68815E-04
   0.400  -0.000   0.21022E-03
   0.600  -0.000   0.46945E-03
   0.800  -0.000   0.76126E-03
   1.000  -0.000   0.89502E-03
   1.200  -0.000   0.76126E-03
   1.400  -0.000   0.46945E-03
   1.600  -0.000   0.21022E-03
   1.800  -0.000   0.68815E-04
  -0.000   0.200   0.68815E-04
   0.200   0.200   0.28945E-03
   0.400   0.200   0.89502E-03
   0.600   0.200   0.20173E-02
   0.800   0.200   0.33063E-02
   1.000   0.200   0.39031E-02
   1.200   0.200   0.33063E-02
   1.400   0.200   0.20173E-02
   1.600   0.200   0.89502E-03
   1.800   0.200   0.28945E-03
  -0.000   0.400   0.21022E-03
   0.200   0.400   0.89502E-03
   0.400   0.400   0.28028E-02
   0.600   0.400   0.64495E-02
   0.800   0.400   0.10726E-01
   1.000   0.400   0.12718E-01
   1.200   0.400   0.10726E-01
   1.400   0.400   0.64495E-02
   1.600   0.400   0.28028E-02
   1.800   0.400   0.89502E-03
  -0.000   0.600   0.46945E-03
   0.200   0.600   0.20173E-02
   0.400   0.600   0.64495E-02
   0.600   0.600   0.15085E-01
   0.800   0.600   0.25083E-01
   1.000   0.600   0.29630E-01
   1.200   0.600   0.25083E-01
   1.400   0.600   0.15085E-01
   1.600   0.600   0.64495E-02
   1.800   0.600   0.20173E-02
  -0.000   0.800   0.76126E-03
   0.200   0.800   0.33063E-02
   0.400   0.800   0.10726E-01
   0.600   0.800   0.25083E-01
   0.800   0.800   0.41004E-01
   1.000   0.800   0.47946E-01
   1.200   0.800   0.41004E-01
   1.400   0.800   0.25083E-01
   1.600   0.800   0.10726E-01
   1.800   0.800   0.33063E-02
  -0.000   1.000   0.89502E-03
   0.200   1.000   0.39031E-02
   0.400   1.000   0.12718E-01
   0.600   1.000   0.29630E-01
   0.800   1.000   0.47946E-01
   1.000   1.000   0.55759E-01
   1.200   1.000   0.47946E-01
   1.400   1.000   0.29630E-01
   1.600   1.000   0.12718E-01
   1.800   1.000   0.39031E-02
  -0.000   1.200   0.76126E-03
   0.200   1.200   0.33063E-02
   0.400   1.200   0.10726E-01
   0.600   1.200   0.25083E-01
   0.800   1.200   0.41004E-01
   1.000   1.200   0.47946E-01
   1.200   1.200   0.41004E-01
   1.400   1.200   0.25083E-01
   1.600   1.200   0.10726E-01
   1.800   1.200   0.33063E-02
  -0.000   1.400   0.46945E-03
   0.200   1.400   0.20173E-02
   0.400   1.400   0.64495E-02
   0.600   1.400   0.15085E-01
   0.800   1.400   0.25083E-01
   1.000   1.400   0.29630E-01
   1.200   1.400   0.25083E-01
   1.400   1.400   0.15085E-01
   1.600   1.400   0.64495E-02
   1.800   1.400   0.20173E-02
  -0.000   1.600   0.21022E-03
   0.200   1.600   0.89502E-03
   0.400   1.600   0.28028E-02
   0.600   1.600   0.64495E-02
   0.800   1.600   0.10726E-01
   1.000   1.600   0.12718E-01
   1.200   1.600   0.10726E-01
   1.400   1.600   0.64495E-02
   1.600   1.600   0.28028E-02
   1.800   1.600   0.89502E-03
  -0.000   1.800   0.68815E-04
   0.200   1.800   0.28945E-03
   0.400   1.800   0.89502E-03
   0.600   1.800   0.20173E-02
   0.800   1.800   0.33063E-02
   1.000   1.800   0.39031E-02
   1.200   1.800   0.33063E-02
   1.400   1.800   0.20173E-02
   1.600   1.800   0.89502E-03
   1.800   1.800   0.28945E-03
