! Spherical Harmonic Discrete Ordinate Radiative Transfer Output
!  L= 15  M= 15  NLM=  256   NMU= 16  NPHI= 32  NANG=  354   NSH=   1239808
!  NX=  20   NY=  20   NZ=  11    NPTS=    4851   NCELLS=    4000
!  PROPERTY_FILE=gaussol.prp                     
!  CORRELATED_K-DIST_FILE=NONE                               NUM_G= 1
!  INPUT_SAVE_FILE=NONE                            
!  OUTPUT_SAVE_FILE=NONE                            
!  SOURCE_TYPE=SOLAR               DELTA-M METHOD
!  GRID_TYPE=EVEN (X,Y)    EVEN (Z)             INDEPENDENT_PIXEL=0
!  SURFACE_TYPE=FIXED LAMBERTIAN       HORIZ_BOUNDARY_COND=0
!  GROUND_ALBEDO=0.0000000  SKY_RAD= 0.00000E+00
!  SOLAR_FLUX= 0.100000E+01   SOLAR_MU=-0.7070000   SOLAR_AZ=   0.000
!  UNITS=WATTS/(M^2 MICRON STER)    WAVELENGTH=      1.65
!  SPLITTING_ACCURACY= 0.000E+00   SPHERICAL_HARMONIC_ACCURACY= 0.000E+00
!  SOLUTION_ACCURACY= 0.100E-04
!  MAXIMUM_ITERATIONS= 100   NUMBER_ITERATIONS=   8
!  OUTPUT_TYPE=RADIANCE            
!    RADIANCE AT Z=  1.000    NXO=  10    NYO=  10    NDIR=   3
!   X       Y        RADIANCE
!   1.00000   0.00  <- (mu,phi)
  -0.000  -0.000   0.12313E-04
   0.200  -0.000   0.52803E-04
   0.400  -0.000   0.16118E-03
   0.600  -0.000   0.35949E-03
   0.800  -0.000   0.58208E-03
   1.000  -0.000   0.68404E-03
   1.200  -0.000   0.58269E-03
   1.400  -0.000   0.36026E-03
   1.600  -0.000   0.16160E-03
   1.800  -0.000   0.52901E-04
  -0.000   0.200   0.52776E-04
   0.200   0.200   0.22165E-03
   0.400   0.200   0.68010E-03
   0.600   0.200   0.15086E-02
   0.800   0.200   0.24238E-02
   1.000   0.200   0.28247E-02
   1.200   0.200   0.23995E-02
   1.400   0.200   0.14884E-02
   1.600   0.200   0.67327E-03
   1.800   0.200   0.22061E-03
  -0.000   0.400   0.16062E-03
   0.200   0.400   0.68201E-03
   0.400   0.400   0.20861E-02
   0.600   0.400   0.45822E-02
   0.800   0.400   0.72240E-02
   1.000   0.400   0.82672E-02
   1.200   0.400   0.69746E-02
   1.400   0.400   0.43583E-02
   1.600   0.400   0.20015E-02
   1.800   0.400   0.66757E-03
  -0.000   0.600   0.35497E-03
   0.200   0.600   0.15190E-02
   0.400   0.600   0.46272E-02
   0.600   0.600   0.99457E-02
   0.800   0.600   0.15174E-01
   1.000   0.600   0.16913E-01
   1.200   0.600   0.14162E-01
   1.400   0.600   0.89516E-02
   1.600   0.600   0.42128E-02
   1.800   0.600   0.14427E-02
  -0.000   0.800   0.56783E-03
   0.200   0.800   0.24531E-02
   0.400   0.800   0.74213E-02
   0.600   0.800   0.15564E-01
   0.800   0.800   0.23006E-01
   1.000   0.800   0.25132E-01
   1.200   0.800   0.20980E-01
   1.400   0.800   0.13392E-01
   1.600   0.800   0.64279E-02
   1.800   0.800   0.22574E-02
  -0.000   1.000   0.66326E-03
   0.200   1.000   0.28763E-02
   0.400   1.000   0.86720E-02
   0.600   1.000   0.17988E-01
   0.800   1.000   0.26259E-01
   1.000   1.000   0.28496E-01
   1.200   1.000   0.23783E-01
   1.400   1.000   0.15238E-01
   1.600   1.000   0.73644E-02
   1.800   1.000   0.26114E-02
  -0.000   1.200   0.56783E-03
   0.200   1.200   0.24531E-02
   0.400   1.200   0.74213E-02
   0.600   1.200   0.15564E-01
   0.800   1.200   0.23006E-01
   1.000   1.200   0.25132E-01
   1.200   1.200   0.20980E-01
   1.400   1.200   0.13392E-01
   1.600   1.200   0.64279E-02
   1.800   1.200   0.22574E-02
  -0.000   1.400   0.35497E-03
   0.200   1.400   0.15190E-02
   0.400   1.400   0.46272E-02
   0.600   1.400   0.99457E-02
   0.800   1.400   0.15174E-01
   1.000   1.400   0.16913E-01
   1.200   1.400   0.14162E-01
   1.400   1.400   0.89516E-02
   1.600   1.400   0.42128E-02
   1.800   1.400   0.14427E-02
  -0.000   1.600   0.16062E-03
   0.200   1.600   0.68201E-03
   0.400   1.600   0.20861E-02
   0.600   1.600   0.45822E-02
   0.800   1.600   0.72240E-02
   1.000   1.600   0.82672E-02
   1.200   1.600   0.69746E-02
   1.400   1.600   0.43583E-02
   1.600   1.600   0.20015E-02
   1.800   1.600   0.66757E-03
  -0.000   1.800   0.52776E-04
   0.200   1.800   0.22165E-03
   0.400   1.800   0.68010E-03
   0.600   1.800   0.15086E-02
   0.800   1.800   0.24238E-02
   1.000   1.800   0.28247E-02
   1.200   1.800   0.23995E-02
   1.400   1.800   0.14884E-02
   1.600   1.800   0.67327E-03
   1.800   1.800   0.22061E-03
!   0.50000   0.00  <- (mu,phi)
  -0.000  -0.000   0.10540E-02
   0.200  -0.000   0.85931E-03
   0.400  -0.000   0.58931E-03
   0.600  -0.000   0.35378E-03
   0.800  -0.000   0.23319E-03
   1.000  -0.000   0.25974E-03
   1.200  -0.000   0.42496E-03
   1.400  -0.000   0.68033E-03
   1.600  -0.000   0.93552E-03
   1.800  -0.000   0.10834E-02
  -0.000   0.200   0.45439E-02
   0.200   0.200   0.37321E-02
   0.400   0.200   0.25695E-02
   0.600   0.200   0.15422E-02
   0.800   0.200   0.10102E-02
   1.000   0.200   0.11216E-02
   1.200   0.200   0.18297E-02
   1.400   0.200   0.29143E-02
   1.600   0.200   0.39996E-02
   1.800   0.200   0.46421E-02
  -0.000   0.400   0.14542E-01
   0.200   0.400   0.12126E-01
   0.400   0.400   0.84310E-02
   0.600   0.400   0.50456E-02
   0.800   0.400   0.32669E-02
   1.000   0.400   0.36082E-02
   1.200   0.400   0.58464E-02
   1.400   0.400   0.92217E-02
   1.600   0.400   0.12589E-01
   1.800   0.400   0.14676E-01
  -0.000   0.600   0.32334E-01
   0.200   0.600   0.27472E-01
   0.400   0.600   0.19428E-01
   0.600   0.600   0.11682E-01
   0.800   0.600   0.75266E-02
   1.000   0.600   0.83455E-02
   1.200   0.600   0.13410E-01
   1.400   0.600   0.20753E-01
   1.600   0.600   0.27914E-01
   1.800   0.600   0.32373E-01
  -0.000   0.800   0.49721E-01
   0.200   0.800   0.42851E-01
   0.400   0.800   0.31005E-01
   0.600   0.800   0.18837E-01
   0.800   0.800   0.12203E-01
   1.000   0.800   0.13661E-01
   1.200   0.800   0.21743E-01
   1.400   0.800   0.33019E-01
   1.600   0.800   0.43424E-01
   1.800   0.800   0.49733E-01
  -0.000   1.000   0.56615E-01
   0.200   1.000   0.49043E-01
   0.400   1.000   0.35810E-01
   0.600   1.000   0.21912E-01
   0.800   1.000   0.14265E-01
   1.000   1.000   0.16046E-01
   1.200   1.000   0.25504E-01
   1.400   1.000   0.38228E-01
   1.600   1.000   0.49810E-01
   1.800   1.000   0.56699E-01
  -0.000   1.200   0.49721E-01
   0.200   1.200   0.42851E-01
   0.400   1.200   0.31005E-01
   0.600   1.200   0.18837E-01
   0.800   1.200   0.12203E-01
   1.000   1.200   0.13661E-01
   1.200   1.200   0.21743E-01
   1.400   1.200   0.33019E-01
   1.600   1.200   0.43424E-01
   1.800   1.200   0.49733E-01
  -0.000   1.400   0.32334E-01
   0.200   1.400   0.27472E-01
   0.400   1.400   0.19428E-01
   0.600   1.400   0.11682E-01
   0.800   1.400   0.75266E-02
   1.000   1.400   0.83455E-02
   1.200   1.400   0.13410E-01
   1.400   1.400   0.20753E-01
   1.600   1.400   0.27914E-01
   1.800   1.400   0.32373E-01
  -0.000   1.600   0.14542E-01
   0.200   1.600   0.12126E-01
   0.400   1.600   0.84310E-02
   0.600   1.600   0.50456E-02
   0.800   1.600   0.32669E-02
   1.000   1.600   0.36082E-02
   1.200   1.600   0.58464E-02
   1.400   1.600   0.92217E-02
   1.600   1.600   0.12589E-01
   1.800   1.600   0.14676E-01
  -0.000   1.800   0.45439E-02
   0.200   1.800   0.37321E-02
   0.400   1.800   0.25695E-02
   0.600   1.800   0.15422E-02
   0.800   1.800   0.10102E-02
   1.000   1.800   0.11216E-02
   1.200   1.800   0.18297E-02
   1.400   1.800   0.29143E-02
   1.600   1.800   0.39996E-02
   1.800   1.800   0.46421E-02
!   0.70700 150.00  <- (mu,phi)
  -0.000  -0.000   0.25864E-02
   0.200  -0.000   0.43582E-02
   0.400  -0.000   0.55795E-02
   0.600  -0.000   0.54889E-02
   0.800  -0.000   0.41710E-02
   1.000  -0.000   0.24374E-02
   1.200  -0.000   0.10882E-02
   1.400  -0.000   0.41660E-03
   1.600  -0.000   0.43708E-03
   1.800  -0.000   0.11600E-02
  -0.000   0.200   0.78602E-03
   0.200   0.200   0.13348E-02
   0.400   0.200   0.17440E-02
   0.600   0.200   0.17693E-02
   0.800   0.200   0.14027E-02
   1.000   0.200   0.87113E-03
   1.200   0.200   0.42355E-03
   1.400   0.200   0.17755E-03
   1.600   0.200   0.15574E-03
   1.800   0.200   0.35784E-03
  -0.000   0.400   0.79123E-03
   0.200   0.400   0.16600E-02
   0.400   0.400   0.26630E-02
   0.600   0.400   0.32620E-02
   0.800   0.400   0.30498E-02
   1.000   0.400   0.21730E-02
   1.200   0.400   0.11781E-02
   1.400   0.400   0.48957E-03
   1.600   0.400   0.20295E-03
   1.800   0.400   0.30132E-03
  -0.000   0.600   0.25988E-02
   0.200   0.600   0.53375E-02
   0.400   0.600   0.83277E-02
   0.600   0.600   0.99273E-02
   0.800   0.600   0.90894E-02
   1.000   0.600   0.63707E-02
   1.200   0.600   0.33908E-02
   1.400   0.600   0.13779E-02
   1.600   0.600   0.59313E-03
   1.800   0.600   0.99149E-03
  -0.000   0.800   0.64855E-02
   0.200   0.800   0.12719E-01
   0.400   0.800   0.18841E-01
   0.600   0.800   0.21549E-01
   0.800   0.800   0.19355E-01
   1.000   0.800   0.13505E-01
   1.200   0.800   0.71590E-02
   1.400   0.800   0.28872E-02
   1.600   0.800   0.13485E-02
   1.800   0.800   0.25351E-02
  -0.000   1.000   0.11822E-01
   0.200   1.000   0.21820E-01
   0.400   1.000   0.30330E-01
   0.600   1.000   0.33269E-01
   0.800   1.000   0.29433E-01
   1.000   1.000   0.20627E-01
   1.200   1.000   0.11010E-01
   1.400   1.000   0.44539E-02
   1.600   1.000   0.23077E-02
   1.800   1.000   0.47999E-02
  -0.000   1.200   0.15830E-01
   0.200   1.200   0.27568E-01
   0.400   1.200   0.36460E-01
   0.600   1.200   0.38724E-01
   0.800   1.200   0.33722E-01
   1.000   1.200   0.23481E-01
   1.200   1.200   0.12497E-01
   1.400   1.200   0.50571E-02
   1.600   1.200   0.29575E-02
   1.800   1.200   0.66763E-02
  -0.000   1.400   0.15755E-01
   0.200   1.400   0.26652E-01
   0.400   1.400   0.34368E-01
   0.600   1.400   0.35689E-01
   0.800   1.400   0.30302E-01
   1.000   1.400   0.20531E-01
   1.200   1.400   0.10627E-01
   1.400   1.400   0.42437E-02
   1.600   1.400   0.28386E-02
   1.800   1.400   0.68310E-02
  -0.000   1.600   0.11683E-01
   0.200   1.600   0.19795E-01
   0.400   1.600   0.25369E-01
   0.600   1.600   0.25856E-01
   0.800   1.600   0.21197E-01
   1.000   1.600   0.13698E-01
   1.200   1.600   0.67528E-02
   1.400   1.600   0.26382E-02
   1.600   1.600   0.20393E-02
   1.800   1.600   0.51486E-02
  -0.000   1.800   0.64300E-02
   0.200   1.800   0.10870E-01
   0.400   1.800   0.14028E-01
   0.600   1.800   0.14034E-01
   0.800   1.800   0.11062E-01
   1.000   1.800   0.67731E-02
   1.200   1.800   0.31647E-02
   1.400   1.800   0.12153E-02
   1.600   1.800   0.10934E-02
   1.800   1.800   0.28511E-02
