! Spherical Harmonic Discrete Ordinate Radiative Transfer Output
!  L= 11  M= 11  NLM=   78   NMU= 12  NPHI= 24  NANG=  114   NSH=    150529
!  NX=  64   NY=   1   NZ=  30    NPTS=    3867   NCELLS=    5040
!  PROPERTY_FILE=les2y21w16.prp                  
!  CORRELATED_K-DIST_FILE=NONE                               NUM_G= 1
!  INPUT_SAVE_FILE=NONE                            
!  OUTPUT_SAVE_FILE=NONE                            
!  SOURCE_TYPE=SOLAR               DELTA-M METHOD
!  GRID_TYPE=EVEN (X,Y)    PROPERTY-FILE (Z)    INDEPENDENT_PIXEL=2
!  SURFACE_TYPE=FIXED LAMBERTIAN       HORIZ_BOUNDARY_COND=0
!  GROUND_ALBEDO=0.0400000  SKY_RAD= 0.00000E+00
!  SOLAR_FLUX= 0.100000E+01   SOLAR_MU=-0.5000000   SOLAR_AZ=   0.000
!  UNITS=WATTS/(M^2 MICRON STER)    WAVELENGTH=      1.65
!  SPLITTING_ACCURACY= 0.300E-01   SPHERICAL_HARMONIC_ACCURACY= 0.300E-02
!  SOLUTION_ACCURACY= 0.100E-03
!  MAXIMUM_ITERATIONS= 100   NUMBER_ITERATIONS=  24
!  OUTPUT_TYPE=RADIANCE            
!    RADIANCE AT Z=  1.000    NXO=  64    NYO=   1    NDIR=   7
!   X       Y        RADIANCE
!   1.00000   0.00  <- (mu,phi)
  -0.000  -0.000   0.89750E-01
   0.055  -0.000   0.65153E-01
   0.110  -0.000   0.58150E-01
   0.165  -0.000   0.81990E-01
   0.220  -0.000   0.46403E-01
   0.275  -0.000   0.19370E-01
   0.330  -0.000   0.19875E-01
   0.385  -0.000   0.59210E-01
   0.440  -0.000   0.63949E-01
   0.495  -0.000   0.58257E-01
   0.550  -0.000   0.41742E-01
   0.605  -0.000   0.78317E-02
   0.660  -0.000   0.58059E-02
   0.715  -0.000   0.15801E-01
   0.770  -0.000   0.90285E-01
   0.825  -0.000   0.11908E+00
   0.880  -0.000   0.10205E+00
   0.935  -0.000   0.94713E-01
   0.990  -0.000   0.11899E+00
   1.045  -0.000   0.97691E-01
   1.100  -0.000   0.45180E-01
   1.155  -0.000   0.44629E-01
   1.210  -0.000   0.74116E-01
   1.265  -0.000   0.37391E-01
   1.320  -0.000   0.36901E-01
   1.375  -0.000   0.68345E-01
   1.430  -0.000   0.65494E-01
   1.485  -0.000   0.73265E-01
   1.540  -0.000   0.98402E-01
   1.595  -0.000   0.95570E-01
   1.650  -0.000   0.10348E+00
   1.705  -0.000   0.10580E+00
   1.760  -0.000   0.81198E-01
   1.815  -0.000   0.48512E-01
   1.870  -0.000   0.39117E-01
   1.925  -0.000   0.15852E-01
   1.980  -0.000   0.13522E-01
   2.035  -0.000   0.50570E-01
   2.090  -0.000   0.65487E-01
   2.145  -0.000   0.53863E-01
   2.200  -0.000   0.79098E-01
   2.255  -0.000   0.99934E-01
   2.310  -0.000   0.12671E+00
   2.365  -0.000   0.16258E+00
   2.420  -0.000   0.16319E+00
   2.475  -0.000   0.16882E+00
   2.530  -0.000   0.14020E+00
   2.585  -0.000   0.11892E+00
   2.640  -0.000   0.89866E-01
   2.695  -0.000   0.10391E+00
   2.750  -0.000   0.11606E+00
   2.805  -0.000   0.80477E-01
   2.860  -0.000   0.52572E-01
   2.915  -0.000   0.83369E-01
   2.970  -0.000   0.12405E+00
   3.025  -0.000   0.11341E+00
   3.080  -0.000   0.59521E-01
   3.135  -0.000   0.39913E-01
   3.190  -0.000   0.44826E-01
   3.245  -0.000   0.66939E-01
   3.300  -0.000   0.87170E-01
   3.355  -0.000   0.48535E-01
   3.410  -0.000   0.31770E-01
   3.465  -0.000   0.58312E-01
!   0.96600   0.00  <- (mu,phi)
  -0.000  -0.000   0.48230E-01
   0.055  -0.000   0.85072E-01
   0.110  -0.000   0.76477E-01
   0.165  -0.000   0.65433E-01
   0.220  -0.000   0.82996E-01
   0.275  -0.000   0.64660E-01
   0.330  -0.000   0.32207E-01
   0.385  -0.000   0.20817E-01
   0.440  -0.000   0.42171E-01
   0.495  -0.000   0.65555E-01
   0.550  -0.000   0.67419E-01
   0.605  -0.000   0.56933E-01
   0.660  -0.000   0.22629E-01
   0.715  -0.000   0.65602E-02
   0.770  -0.000   0.97354E-02
   0.825  -0.000   0.56950E-01
   0.880  -0.000   0.10805E+00
   0.935  -0.000   0.11329E+00
   0.990  -0.000   0.11018E+00
   1.045  -0.000   0.12606E+00
   1.100  -0.000   0.11617E+00
   1.155  -0.000   0.72146E-01
   1.210  -0.000   0.50621E-01
   1.265  -0.000   0.70858E-01
   1.320  -0.000   0.50083E-01
   1.375  -0.000   0.37484E-01
   1.430  -0.000   0.57258E-01
   1.485  -0.000   0.70324E-01
   1.540  -0.000   0.74428E-01
   1.595  -0.000   0.94891E-01
   1.650  -0.000   0.10345E+00
   1.705  -0.000   0.11207E+00
   1.760  -0.000   0.11645E+00
   1.815  -0.000   0.98058E-01
   1.870  -0.000   0.65049E-01
   1.925  -0.000   0.46839E-01
   1.980  -0.000   0.28040E-01
   2.035  -0.000   0.15802E-01
   2.090  -0.000   0.33833E-01
   2.145  -0.000   0.58680E-01
   2.200  -0.000   0.59723E-01
   2.255  -0.000   0.70188E-01
   2.310  -0.000   0.93035E-01
   2.365  -0.000   0.12272E+00
   2.420  -0.000   0.16411E+00
   2.475  -0.000   0.17640E+00
   2.530  -0.000   0.18261E+00
   2.585  -0.000   0.15491E+00
   2.640  -0.000   0.13106E+00
   2.695  -0.000   0.10122E+00
   2.750  -0.000   0.10596E+00
   2.805  -0.000   0.12304E+00
   2.860  -0.000   0.95185E-01
   2.915  -0.000   0.58718E-01
   2.970  -0.000   0.75627E-01
   3.025  -0.000   0.12504E+00
   3.080  -0.000   0.12767E+00
   3.135  -0.000   0.75358E-01
   3.190  -0.000   0.50225E-01
   3.245  -0.000   0.43786E-01
   3.300  -0.000   0.59718E-01
   3.355  -0.000   0.88824E-01
   3.410  -0.000   0.65442E-01
   3.465  -0.000   0.38221E-01
!   0.86600   0.00  <- (mu,phi)
  -0.000  -0.000   0.69515E-01
   0.055  -0.000   0.47360E-01
   0.110  -0.000   0.90653E-01
   0.165  -0.000   0.11531E+00
   0.220  -0.000   0.90704E-01
   0.275  -0.000   0.98593E-01
   0.330  -0.000   0.11358E+00
   0.385  -0.000   0.72761E-01
   0.440  -0.000   0.33461E-01
   0.495  -0.000   0.33032E-01
   0.550  -0.000   0.76746E-01
   0.605  -0.000   0.94771E-01
   0.660  -0.000   0.95021E-01
   0.715  -0.000   0.77349E-01
   0.770  -0.000   0.16776E-01
   0.825  -0.000   0.53447E-02
   0.880  -0.000   0.30563E-01
   0.935  -0.000   0.10381E+00
   0.990  -0.000   0.13335E+00
   1.045  -0.000   0.13519E+00
   1.100  -0.000   0.15130E+00
   1.155  -0.000   0.16183E+00
   1.210  -0.000   0.12776E+00
   1.265  -0.000   0.81931E-01
   1.320  -0.000   0.86758E-01
   1.375  -0.000   0.94186E-01
   1.430  -0.000   0.51522E-01
   1.485  -0.000   0.55168E-01
   1.540  -0.000   0.91674E-01
   1.595  -0.000   0.97898E-01
   1.650  -0.000   0.11077E+00
   1.705  -0.000   0.13061E+00
   1.760  -0.000   0.14107E+00
   1.815  -0.000   0.15109E+00
   1.870  -0.000   0.14252E+00
   1.925  -0.000   0.10879E+00
   1.980  -0.000   0.76793E-01
   2.035  -0.000   0.60778E-01
   2.090  -0.000   0.29901E-01
   2.145  -0.000   0.28899E-01
   2.200  -0.000   0.58308E-01
   2.255  -0.000   0.80848E-01
   2.310  -0.000   0.82520E-01
   2.365  -0.000   0.10784E+00
   2.420  -0.000   0.13586E+00
   2.475  -0.000   0.17973E+00
   2.530  -0.000   0.21051E+00
   2.585  -0.000   0.22029E+00
   2.640  -0.000   0.19493E+00
   2.695  -0.000   0.16684E+00
   2.750  -0.000   0.13473E+00
   2.805  -0.000   0.12418E+00
   2.860  -0.000   0.14651E+00
   2.915  -0.000   0.13660E+00
   2.970  -0.000   0.87424E-01
   3.025  -0.000   0.77304E-01
   3.080  -0.000   0.13499E+00
   3.135  -0.000   0.16548E+00
   3.190  -0.000   0.12102E+00
   3.245  -0.000   0.80104E-01
   3.300  -0.000   0.60674E-01
   3.355  -0.000   0.63589E-01
   3.410  -0.000   0.99961E-01
   3.465  -0.000   0.11463E+00
!   0.70700   0.00  <- (mu,phi)
  -0.000  -0.000   0.15574E+00
   0.055  -0.000   0.17892E+00
   0.110  -0.000   0.12323E+00
   0.165  -0.000   0.78911E-01
   0.220  -0.000   0.14594E+00
   0.275  -0.000   0.17830E+00
   0.330  -0.000   0.14489E+00
   0.385  -0.000   0.15815E+00
   0.440  -0.000   0.17880E+00
   0.495  -0.000   0.13433E+00
   0.550  -0.000   0.69881E-01
   0.605  -0.000   0.54972E-01
   0.660  -0.000   0.11647E+00
   0.715  -0.000   0.15383E+00
   0.770  -0.000   0.16129E+00
   0.825  -0.000   0.14997E+00
   0.880  -0.000   0.68828E-01
   0.935  -0.000   0.51588E-02
   0.990  -0.000   0.56365E-01
   1.045  -0.000   0.15690E+00
   1.100  -0.000   0.18400E+00
   1.155  -0.000   0.18465E+00
   1.210  -0.000   0.21696E+00
   1.265  -0.000   0.22906E+00
   1.320  -0.000   0.18618E+00
   1.375  -0.000   0.13366E+00
   1.430  -0.000   0.15039E+00
   1.485  -0.000   0.15570E+00
   1.540  -0.000   0.88132E-01
   1.595  -0.000   0.88479E-01
   1.650  -0.000   0.14299E+00
   1.705  -0.000   0.15934E+00
   1.760  -0.000   0.17781E+00
   1.815  -0.000   0.19455E+00
   1.870  -0.000   0.21117E+00
   1.925  -0.000   0.22381E+00
   1.980  -0.000   0.20943E+00
   2.035  -0.000   0.16335E+00
   2.090  -0.000   0.12397E+00
   2.145  -0.000   0.10807E+00
   2.200  -0.000   0.66488E-01
   2.255  -0.000   0.59431E-01
   2.310  -0.000   0.91687E-01
   2.365  -0.000   0.12320E+00
   2.420  -0.000   0.13304E+00
   2.475  -0.000   0.16808E+00
   2.530  -0.000   0.20454E+00
   2.585  -0.000   0.25375E+00
   2.640  -0.000   0.28127E+00
   2.695  -0.000   0.28276E+00
   2.750  -0.000   0.24603E+00
   2.805  -0.000   0.21583E+00
   2.860  -0.000   0.17540E+00
   2.915  -0.000   0.18138E+00
   2.970  -0.000   0.21344E+00
   3.025  -0.000   0.18688E+00
   3.080  -0.000   0.11413E+00
   3.135  -0.000   0.11694E+00
   3.190  -0.000   0.20904E+00
   3.245  -0.000   0.23267E+00
   3.300  -0.000   0.15760E+00
   3.355  -0.000   0.11816E+00
   3.410  -0.000   0.96168E-01
   3.465  -0.000   0.97321E-01
!   0.96600 180.00  <- (mu,phi)
  -0.000  -0.000   0.73806E-01
   0.055  -0.000   0.82248E-01
   0.110  -0.000   0.87727E-01
   0.165  -0.000   0.44397E-01
   0.220  -0.000   0.23713E-01
   0.275  -0.000   0.56590E-01
   0.330  -0.000   0.83253E-01
   0.385  -0.000   0.77594E-01
   0.440  -0.000   0.63853E-01
   0.495  -0.000   0.37628E-01
   0.550  -0.000   0.85446E-02
   0.605  -0.000   0.15633E-01
   0.660  -0.000   0.83268E-01
   0.715  -0.000   0.13574E+00
   0.770  -0.000   0.13294E+00
   0.825  -0.000   0.10521E+00
   0.880  -0.000   0.11769E+00
   0.935  -0.000   0.12837E+00
   0.990  -0.000   0.93306E-01
   1.045  -0.000   0.47462E-01
   1.100  -0.000   0.73332E-01
   1.155  -0.000   0.83122E-01
   1.210  -0.000   0.46354E-01
   1.265  -0.000   0.67429E-01
   1.320  -0.000   0.88471E-01
   1.375  -0.000   0.86475E-01
   1.430  -0.000   0.10325E+00
   1.485  -0.000   0.11653E+00
   1.540  -0.000   0.11097E+00
   1.595  -0.000   0.12064E+00
   1.650  -0.000   0.11368E+00
   1.705  -0.000   0.83975E-01
   1.760  -0.000   0.52741E-01
   1.815  -0.000   0.37741E-01
   1.870  -0.000   0.18357E-01
   1.925  -0.000   0.45783E-01
   1.980  -0.000   0.82860E-01
   2.035  -0.000   0.81526E-01
   2.090  -0.000   0.82197E-01
   2.145  -0.000   0.11351E+00
   2.200  -0.000   0.13238E+00
   2.255  -0.000   0.15908E+00
   2.310  -0.000   0.18017E+00
   2.365  -0.000   0.17515E+00
   2.420  -0.000   0.18089E+00
   2.475  -0.000   0.14610E+00
   2.530  -0.000   0.12782E+00
   2.585  -0.000   0.10244E+00
   2.640  -0.000   0.12402E+00
   2.695  -0.000   0.12738E+00
   2.750  -0.000   0.90103E-01
   2.805  -0.000   0.69691E-01
   2.860  -0.000   0.11380E+00
   2.915  -0.000   0.14177E+00
   2.970  -0.000   0.11952E+00
   3.025  -0.000   0.57721E-01
   3.080  -0.000   0.49219E-01
   3.135  -0.000   0.71180E-01
   3.190  -0.000   0.93360E-01
   3.245  -0.000   0.94453E-01
   3.300  -0.000   0.53969E-01
   3.355  -0.000   0.55503E-01
   3.410  -0.000   0.92486E-01
   3.465  -0.000   0.10283E+00
!   0.86600 180.00  <- (mu,phi)
  -0.000  -0.000   0.10761E+00
   0.055  -0.000   0.75345E-01
   0.110  -0.000   0.33468E-01
   0.165  -0.000   0.49565E-01
   0.220  -0.000   0.98819E-01
   0.275  -0.000   0.93691E-01
   0.330  -0.000   0.80496E-01
   0.385  -0.000   0.63719E-01
   0.440  -0.000   0.15402E-01
   0.495  -0.000   0.26237E-01
   0.550  -0.000   0.93459E-01
   0.605  -0.000   0.14427E+00
   0.660  -0.000   0.14799E+00
   0.715  -0.000   0.12461E+00
   0.770  -0.000   0.11751E+00
   0.825  -0.000   0.13831E+00
   0.880  -0.000   0.12287E+00
   0.935  -0.000   0.72294E-01
   0.990  -0.000   0.71472E-01
   1.045  -0.000   0.10469E+00
   1.100  -0.000   0.73548E-01
   1.155  -0.000   0.65410E-01
   1.210  -0.000   0.10544E+00
   1.265  -0.000   0.10271E+00
   1.320  -0.000   0.11189E+00
   1.375  -0.000   0.12856E+00
   1.430  -0.000   0.12727E+00
   1.485  -0.000   0.12597E+00
   1.540  -0.000   0.12943E+00
   1.595  -0.000   0.11062E+00
   1.650  -0.000   0.77129E-01
   1.705  -0.000   0.57867E-01
   1.760  -0.000   0.26143E-01
   1.815  -0.000   0.44391E-01
   1.870  -0.000   0.92839E-01
   1.925  -0.000   0.10429E+00
   1.980  -0.000   0.99799E-01
   2.035  -0.000   0.12668E+00
   2.090  -0.000   0.14294E+00
   2.145  -0.000   0.16126E+00
   2.200  -0.000   0.18297E+00
   2.255  -0.000   0.18562E+00
   2.310  -0.000   0.18106E+00
   2.365  -0.000   0.17926E+00
   2.420  -0.000   0.14566E+00
   2.475  -0.000   0.12733E+00
   2.530  -0.000   0.12281E+00
   2.585  -0.000   0.13923E+00
   2.640  -0.000   0.12399E+00
   2.695  -0.000   0.93875E-01
   2.750  -0.000   0.10332E+00
   2.805  -0.000   0.14189E+00
   2.860  -0.000   0.14241E+00
   2.915  -0.000   0.10711E+00
   2.970  -0.000   0.60347E-01
   3.025  -0.000   0.72467E-01
   3.080  -0.000   0.99255E-01
   3.135  -0.000   0.11423E+00
   3.190  -0.000   0.85913E-01
   3.245  -0.000   0.61924E-01
   3.300  -0.000   0.95845E-01
   3.355  -0.000   0.11921E+00
   3.410  -0.000   0.96925E-01
   3.465  -0.000   0.86825E-01
!   0.70700 180.00  <- (mu,phi)
  -0.000  -0.000   0.51145E-01
   0.055  -0.000   0.92846E-01
   0.110  -0.000   0.11957E+00
   0.165  -0.000   0.11070E+00
   0.220  -0.000   0.96973E-01
   0.275  -0.000   0.77869E-01
   0.330  -0.000   0.55281E-01
   0.385  -0.000   0.99390E-01
   0.440  -0.000   0.13729E+00
   0.495  -0.000   0.15849E+00
   0.550  -0.000   0.15781E+00
   0.605  -0.000   0.14039E+00
   0.660  -0.000   0.13783E+00
   0.715  -0.000   0.15117E+00
   0.770  -0.000   0.13581E+00
   0.825  -0.000   0.93880E-01
   0.880  -0.000   0.10009E+00
   0.935  -0.000   0.12496E+00
   0.990  -0.000   0.96665E-01
   1.045  -0.000   0.98924E-01
   1.100  -0.000   0.13186E+00
   1.155  -0.000   0.12819E+00
   1.210  -0.000   0.13726E+00
   1.265  -0.000   0.14669E+00
   1.320  -0.000   0.14682E+00
   1.375  -0.000   0.14150E+00
   1.430  -0.000   0.14331E+00
   1.485  -0.000   0.12710E+00
   1.540  -0.000   0.97580E-01
   1.595  -0.000   0.70115E-01
   1.650  -0.000   0.46071E-01
   1.705  -0.000   0.86408E-01
   1.760  -0.000   0.11916E+00
   1.815  -0.000   0.13310E+00
   1.870  -0.000   0.13670E+00
   1.925  -0.000   0.15773E+00
   1.980  -0.000   0.16926E+00
   2.035  -0.000   0.18280E+00
   2.090  -0.000   0.19406E+00
   2.145  -0.000   0.19819E+00
   2.200  -0.000   0.19007E+00
   2.255  -0.000   0.19014E+00
   2.310  -0.000   0.16436E+00
   2.365  -0.000   0.14774E+00
   2.420  -0.000   0.13782E+00
   2.475  -0.000   0.15320E+00
   2.530  -0.000   0.14669E+00
   2.585  -0.000   0.12277E+00
   2.640  -0.000   0.12219E+00
   2.695  -0.000   0.15243E+00
   2.750  -0.000   0.15644E+00
   2.805  -0.000   0.13213E+00
   2.860  -0.000   0.81824E-01
   2.915  -0.000   0.10070E+00
   2.970  -0.000   0.12106E+00
   3.025  -0.000   0.13064E+00
   3.080  -0.000   0.10901E+00
   3.135  -0.000   0.90304E-01
   3.190  -0.000   0.12147E+00
   3.245  -0.000   0.13524E+00
   3.300  -0.000   0.11665E+00
   3.355  -0.000   0.11070E+00
   3.410  -0.000   0.12252E+00
   3.465  -0.000   0.91063E-01
